<?xml version="1.0" encoding="UTF-8"?>
<!-- Generated by org.testng.reporters.JUnitXMLReporter -->
<testsuite hostname="GuruPrasad-PC" ignored="5" name="Test" tests="2" failures="0" timestamp="26 Nov 2017 17:03:36 GMT" time="25.022" errors="0">
  <testcase name="testValidLoginLogout" time="4.424" classname="com.eaglemortgage.tests.ValidLoginLogout"/>
  <testcase name="testVerifyVersion" time="4.894" classname="com.eaglemortgage.tests.VerifyVersion"/>
  <testcase name="testInValidLoginLogout" time="0.0" classname="com.eaglemortgage.tests.InvalidLoginLogout">
    <ignored/>
  </testcase> <!-- testInValidLoginLogout -->
  <testcase name="testA" time="0.0" classname="com.eaglemortgage.tests.Demo">
    <ignored/>
  </testcase> <!-- testA -->
  <testcase name="@BeforeSuite SetDriverPath" time="0.0" classname="generics.BaseTest">
    <ignored/>
  </testcase> <!-- @BeforeSuite SetDriverPath -->
  <testcase name="@BeforeSuite SetDriverPath" time="0.0" classname="generics.BaseTest">
    <ignored/>
  </testcase> <!-- @BeforeSuite SetDriverPath -->
  <testcase name="@BeforeSuite SetDriverPath" time="0.0" classname="generics.BaseTest">
    <ignored/>
  </testcase> <!-- @BeforeSuite SetDriverPath -->
</testsuite> <!-- Test -->
